2025-08-17 20:54:23,440 - SMART_INTEL - INFO - ============================================================
2025-08-17 20:54:23,440 - SMART_INTEL - INFO - SMART TRADING INTELLIGENCE SYSTEM - PREFERENCES MODE
2025-08-17 20:54:23,441 - SMART_INTEL - INFO - ============================================================
2025-08-17 20:54:23,441 - SMART_INTEL - INFO - Output file: trading_intelligence.json
2025-08-17 20:54:23,441 - SMART_INTEL - INFO - Update interval: 15 minutes
2025-08-17 20:54:23,441 - SMART_INTEL - INFO - Monitored pairs: 12
2025-08-17 20:54:23,443 - SMART_INTEL - INFO - Approach: Preferences & guidance instead of hard blocks
2025-08-17 20:54:23,443 - SMART_INTEL - INFO - ============================================================
2025-08-17 20:54:23,444 - SMART_INTEL - INFO - 🚀 Starting Smart Trading Intelligence Manager (Preferences Mode)...
2025-08-17 20:54:23,444 - SMART_INTEL - INFO - 🧠 Generating initial intelligence...
2025-08-17 20:54:23,444 - SMART_INTEL - INFO - 🔄 Updating trading intelligence...
2025-08-17 20:54:23,444 - SMART_INTEL - INFO - 🧠 Generating smart trading intelligence...
2025-08-17 20:54:23,459 - SMART_INTEL - INFO - 📖 Loaded sentiment data from sentiment_signals.json
2025-08-17 20:54:23,479 - SMART_INTEL - INFO - 📖 Loaded correlation data from correlation_data.json
2025-08-17 20:54:23,499 - SMART_INTEL - INFO - 📖 Loaded cot data from cot_consolidated_data.json
2025-08-17 20:54:23,519 - SMART_INTEL - INFO - 📖 Loaded calendar data from test_calendar_output.json
2025-08-17 20:54:23,520 - SMART_INTEL - INFO - ✅ Generated preferences for 12 pairs
2025-08-17 20:54:23,537 - SMART_INTEL - INFO - 💾 Intelligence saved to trading_intelligence.json
2025-08-17 20:54:23,537 - SMART_INTEL - INFO - 📊 INTELLIGENCE SUMMARY (PREFERENCES MODE):
2025-08-17 20:54:23,537 - SMART_INTEL - INFO -    Pairs analyzed: 12
2025-08-17 20:54:23,537 - SMART_INTEL - INFO -    Risk insights: 4
2025-08-17 20:54:23,537 - SMART_INTEL - INFO -    Market regime: TRENDING
2025-08-17 20:54:23,537 - SMART_INTEL - INFO -    Recommended approach: DEFENSIVE
2025-08-17 20:54:23,538 - SMART_INTEL - INFO -    Opportunities: {'POOR': 4, 'GOOD': 4, 'NORMAL': 4}
2025-08-17 20:54:23,538 - SMART_INTEL - INFO -    Directional bias: {'NEUTRAL': 6, 'SHORT': 5, 'LONG': 1}
2025-08-17 20:54:23,538 - SMART_INTEL - INFO -    🎯 High Correlation Environment: 2 pairs showing high correlation risk
2025-08-17 20:54:23,539 - SMART_INTEL - INFO - ✅ Trading intelligence updated successfully
2025-08-17 20:54:23,539 - SMART_INTEL - INFO - ⚙️ Intelligence scheduler thread started
2025-08-17 20:54:23,539 - SMART_INTEL - INFO - ✅ Intelligence manager started - updates every 15 minutes
2025-08-17 20:54:23,540 - SMART_INTEL - INFO - 🎯 Smart Trading Intelligence running (Preferences Mode). Press Ctrl+C to stop.
2025-08-17 20:55:05,306 - SMART_INTEL - INFO - 🛑 Stop signal received
2025-08-17 20:55:10,310 - SMART_INTEL - INFO - 🛑 Intelligence manager stopped
2025-08-17 20:55:14,304 - SMART_INTEL - INFO - ============================================================
2025-08-17 20:55:14,304 - SMART_INTEL - INFO - SMART TRADING INTELLIGENCE SYSTEM - PREFERENCES MODE
2025-08-17 20:55:14,304 - SMART_INTEL - INFO - ============================================================
2025-08-17 20:55:14,304 - SMART_INTEL - INFO - Output file: trading_intelligence.json
2025-08-17 20:55:14,304 - SMART_INTEL - INFO - Update interval: 15 minutes
2025-08-17 20:55:14,306 - SMART_INTEL - INFO - Monitored pairs: 12
2025-08-17 20:55:14,306 - SMART_INTEL - INFO - Approach: Preferences & guidance instead of hard blocks
2025-08-17 20:55:14,306 - SMART_INTEL - INFO - ============================================================
2025-08-17 20:55:14,306 - SMART_INTEL - INFO - 🚀 Starting Smart Trading Intelligence Manager (Preferences Mode)...
2025-08-17 20:55:14,307 - SMART_INTEL - INFO - 🧠 Generating initial intelligence...
2025-08-17 20:55:14,307 - SMART_INTEL - INFO - 🔄 Updating trading intelligence...
2025-08-17 20:55:14,307 - SMART_INTEL - INFO - 🧠 Generating smart trading intelligence...
2025-08-17 20:55:14,321 - SMART_INTEL - INFO - 📖 Loaded sentiment data from sentiment_signals.json
2025-08-17 20:55:14,338 - SMART_INTEL - INFO - 📖 Loaded correlation data from correlation_data.json
2025-08-17 20:55:14,338 - SMART_INTEL - INFO - 📖 Loaded cot data from cot_consolidated_data.json
2025-08-17 20:55:14,339 - SMART_INTEL - INFO - 📖 Loaded calendar data from test_calendar_output.json
2025-08-17 20:55:14,340 - SMART_INTEL - INFO - ✅ Generated preferences for 12 pairs
2025-08-17 20:55:14,349 - SMART_INTEL - INFO - 💾 Intelligence saved to trading_intelligence.json
2025-08-17 20:55:14,349 - SMART_INTEL - INFO - 📊 INTELLIGENCE SUMMARY (PREFERENCES MODE):
2025-08-17 20:55:14,349 - SMART_INTEL - INFO -    Pairs analyzed: 12
2025-08-17 20:55:14,349 - SMART_INTEL - INFO -    Risk insights: 4
2025-08-17 20:55:14,350 - SMART_INTEL - INFO -    Market regime: TRENDING
2025-08-17 20:55:14,350 - SMART_INTEL - INFO -    Recommended approach: DEFENSIVE
2025-08-17 20:55:14,350 - SMART_INTEL - INFO -    Opportunities: {'POOR': 4, 'GOOD': 4, 'NORMAL': 4}
2025-08-17 20:55:14,350 - SMART_INTEL - INFO -    Directional bias: {'NEUTRAL': 6, 'SHORT': 5, 'LONG': 1}
2025-08-17 20:55:14,351 - SMART_INTEL - INFO -    🎯 High Correlation Environment: 2 pairs showing high correlation risk
2025-08-17 20:55:14,351 - SMART_INTEL - INFO - ✅ Trading intelligence updated successfully
2025-08-17 20:55:14,351 - SMART_INTEL - INFO - ⚙️ Intelligence scheduler thread started
2025-08-17 20:55:14,351 - SMART_INTEL - INFO - ✅ Intelligence manager started - updates every 15 minutes
2025-08-17 20:55:14,351 - SMART_INTEL - INFO - 🎯 Smart Trading Intelligence running (Preferences Mode). Press Ctrl+C to stop.
2025-08-17 21:00:14,357 - SMART_INTEL - INFO - 📊 Market Regime: TRENDING
2025-08-17 21:34:39,677 - SMART_INTEL - INFO - 🔄 Updating trading intelligence...
2025-08-17 21:34:39,733 - SMART_INTEL - INFO - 🧠 Generating smart trading intelligence...
2025-08-17 21:34:39,782 - SMART_INTEL - INFO - 📖 Loaded sentiment data from sentiment_signals.json
2025-08-17 21:34:39,827 - SMART_INTEL - INFO - 📖 Loaded correlation data from correlation_data.json
2025-08-17 21:34:39,860 - SMART_INTEL - INFO - 📖 Loaded cot data from cot_consolidated_data.json
2025-08-17 21:34:39,888 - SMART_INTEL - INFO - 📖 Loaded calendar data from test_calendar_output.json
2025-08-17 21:34:39,935 - SMART_INTEL - INFO - ✅ Generated preferences for 12 pairs
2025-08-17 21:34:39,972 - SMART_INTEL - INFO - 💾 Intelligence saved to trading_intelligence.json
2025-08-17 21:34:39,991 - SMART_INTEL - INFO - 📊 INTELLIGENCE SUMMARY (PREFERENCES MODE):
2025-08-17 21:34:40,001 - SMART_INTEL - INFO -    Pairs analyzed: 12
2025-08-17 21:34:40,019 - SMART_INTEL - INFO -    Risk insights: 4
2025-08-17 21:34:40,038 - SMART_INTEL - INFO -    Market regime: TRENDING
2025-08-17 21:34:40,051 - SMART_INTEL - INFO -    Recommended approach: DEFENSIVE
2025-08-17 21:34:40,070 - SMART_INTEL - INFO -    Opportunities: {'POOR': 4, 'GOOD': 4, 'NORMAL': 4}
2025-08-17 21:34:40,087 - SMART_INTEL - INFO -    Directional bias: {'NEUTRAL': 6, 'SHORT': 5, 'LONG': 1}
2025-08-17 21:34:40,098 - SMART_INTEL - INFO -    🎯 High Correlation Environment: 2 pairs showing high correlation risk
2025-08-17 21:34:40,115 - SMART_INTEL - INFO - ✅ Trading intelligence updated successfully
2025-08-17 21:49:40,144 - SMART_INTEL - INFO - 🔄 Updating trading intelligence...
2025-08-17 21:49:40,151 - SMART_INTEL - INFO - 🧠 Generating smart trading intelligence...
2025-08-17 21:49:40,165 - SMART_INTEL - INFO - 📖 Loaded sentiment data from sentiment_signals.json
2025-08-17 21:49:40,172 - SMART_INTEL - INFO - 📖 Loaded correlation data from correlation_data.json
2025-08-17 21:49:40,177 - SMART_INTEL - INFO - 📖 Loaded cot data from cot_consolidated_data.json
2025-08-17 21:49:40,182 - SMART_INTEL - INFO - 📖 Loaded calendar data from test_calendar_output.json
2025-08-17 21:49:40,189 - SMART_INTEL - INFO - ✅ Generated preferences for 12 pairs
2025-08-17 21:49:40,202 - SMART_INTEL - INFO - 💾 Intelligence saved to trading_intelligence.json
2025-08-17 21:49:40,203 - SMART_INTEL - INFO - 📊 INTELLIGENCE SUMMARY (PREFERENCES MODE):
2025-08-17 21:49:40,203 - SMART_INTEL - INFO -    Pairs analyzed: 12
2025-08-17 21:49:40,204 - SMART_INTEL - INFO -    Risk insights: 4
2025-08-17 21:49:40,204 - SMART_INTEL - INFO -    Market regime: TRENDING
2025-08-17 21:49:40,207 - SMART_INTEL - INFO -    Recommended approach: DEFENSIVE
2025-08-17 21:49:40,208 - SMART_INTEL - INFO -    Opportunities: {'POOR': 4, 'GOOD': 4, 'NORMAL': 4}
2025-08-17 21:49:40,208 - SMART_INTEL - INFO -    Directional bias: {'NEUTRAL': 6, 'SHORT': 5, 'LONG': 1}
2025-08-17 21:49:40,208 - SMART_INTEL - INFO -    🎯 High Correlation Environment: 2 pairs showing high correlation risk
2025-08-17 21:49:40,208 - SMART_INTEL - INFO - ✅ Trading intelligence updated successfully
2025-08-17 22:04:54,761 - SMART_INTEL - INFO - 🔄 Updating trading intelligence...
2025-08-17 22:04:54,766 - SMART_INTEL - INFO - 🧠 Generating smart trading intelligence...
2025-08-17 22:04:54,770 - SMART_INTEL - INFO - 📖 Loaded sentiment data from sentiment_signals.json
2025-08-17 22:04:54,776 - SMART_INTEL - INFO - 📖 Loaded correlation data from correlation_data.json
2025-08-17 22:04:54,781 - SMART_INTEL - INFO - 📖 Loaded cot data from cot_consolidated_data.json
2025-08-17 22:04:54,785 - SMART_INTEL - INFO - 📖 Loaded calendar data from test_calendar_output.json
2025-08-17 22:04:54,793 - SMART_INTEL - INFO - ✅ Generated preferences for 12 pairs
2025-08-17 22:04:54,807 - SMART_INTEL - INFO - 💾 Intelligence saved to trading_intelligence.json
2025-08-17 22:04:54,808 - SMART_INTEL - INFO - 📊 INTELLIGENCE SUMMARY (PREFERENCES MODE):
2025-08-17 22:04:54,809 - SMART_INTEL - INFO -    Pairs analyzed: 12
2025-08-17 22:04:54,810 - SMART_INTEL - INFO -    Risk insights: 4
2025-08-17 22:04:54,810 - SMART_INTEL - INFO -    Market regime: TRENDING
2025-08-17 22:04:54,812 - SMART_INTEL - INFO -    Recommended approach: DEFENSIVE
2025-08-17 22:04:54,812 - SMART_INTEL - INFO -    Opportunities: {'POOR': 4, 'GOOD': 4, 'NORMAL': 4}
2025-08-17 22:04:54,813 - SMART_INTEL - INFO -    Directional bias: {'NEUTRAL': 6, 'SHORT': 5, 'LONG': 1}
2025-08-17 22:04:54,814 - SMART_INTEL - INFO -    🎯 High Correlation Environment: 2 pairs showing high correlation risk
2025-08-17 22:04:54,814 - SMART_INTEL - INFO - ✅ Trading intelligence updated successfully
2025-08-17 22:19:54,840 - SMART_INTEL - INFO - 🔄 Updating trading intelligence...
2025-08-17 22:19:54,842 - SMART_INTEL - INFO - 🧠 Generating smart trading intelligence...
2025-08-17 22:19:54,848 - SMART_INTEL - INFO - 📖 Loaded sentiment data from sentiment_signals.json
2025-08-17 22:19:54,854 - SMART_INTEL - INFO - 📖 Loaded correlation data from correlation_data.json
2025-08-17 22:19:54,859 - SMART_INTEL - INFO - 📖 Loaded cot data from cot_consolidated_data.json
2025-08-17 22:19:54,862 - SMART_INTEL - INFO - 📖 Loaded calendar data from test_calendar_output.json
2025-08-17 22:19:54,867 - SMART_INTEL - INFO - ✅ Generated preferences for 12 pairs
2025-08-17 22:19:54,882 - SMART_INTEL - INFO - 💾 Intelligence saved to trading_intelligence.json
2025-08-17 22:19:54,883 - SMART_INTEL - INFO - 📊 INTELLIGENCE SUMMARY (PREFERENCES MODE):
2025-08-17 22:19:54,883 - SMART_INTEL - INFO -    Pairs analyzed: 12
2025-08-17 22:19:54,883 - SMART_INTEL - INFO -    Risk insights: 4
2025-08-17 22:19:54,884 - SMART_INTEL - INFO -    Market regime: TRENDING
2025-08-17 22:19:54,884 - SMART_INTEL - INFO -    Recommended approach: DEFENSIVE
2025-08-17 22:19:54,885 - SMART_INTEL - INFO -    Opportunities: {'POOR': 4, 'GOOD': 4, 'NORMAL': 4}
2025-08-17 22:19:54,885 - SMART_INTEL - INFO -    Directional bias: {'NEUTRAL': 6, 'SHORT': 5, 'LONG': 1}
2025-08-17 22:19:54,886 - SMART_INTEL - INFO -    🎯 High Correlation Environment: 2 pairs showing high correlation risk
2025-08-17 22:19:54,886 - SMART_INTEL - INFO - ✅ Trading intelligence updated successfully
2025-08-17 22:28:49,331 - SMART_INTEL - INFO - 🛑 Stop signal received
2025-08-17 22:28:54,346 - SMART_INTEL - INFO - 🛑 Intelligence manager stopped
2025-08-18 13:35:42,881 - SMART_INTEL - INFO - ============================================================
2025-08-18 13:35:42,881 - SMART_INTEL - INFO - SMART TRADING INTELLIGENCE SYSTEM - PREFERENCES MODE
2025-08-18 13:35:42,881 - SMART_INTEL - INFO - ============================================================
2025-08-18 13:35:42,881 - SMART_INTEL - INFO - Output file: trading_intelligence.json
2025-08-18 13:35:42,883 - SMART_INTEL - INFO - Update interval: 15 minutes
2025-08-18 13:35:42,884 - SMART_INTEL - INFO - Monitored pairs: 12
2025-08-18 13:35:42,884 - SMART_INTEL - INFO - Approach: Preferences & guidance instead of hard blocks
2025-08-18 13:35:42,884 - SMART_INTEL - INFO - ============================================================
2025-08-18 13:35:47,482 - SMART_INTEL - INFO - ============================================================
2025-08-18 13:35:47,487 - SMART_INTEL - INFO - SMART TRADING INTELLIGENCE SYSTEM - PREFERENCES MODE
2025-08-18 13:35:47,491 - SMART_INTEL - INFO - ============================================================
2025-08-18 13:35:47,504 - SMART_INTEL - INFO - Output file: trading_intelligence.json
2025-08-18 13:35:47,510 - SMART_INTEL - INFO - Update interval: 15 minutes
2025-08-18 13:35:47,512 - SMART_INTEL - INFO - Monitored pairs: 12
2025-08-18 13:35:47,513 - SMART_INTEL - INFO - Approach: Preferences & guidance instead of hard blocks
2025-08-18 13:35:47,513 - SMART_INTEL - INFO - ============================================================
2025-08-18 13:35:47,513 - SMART_INTEL - INFO - 🚀 Starting Smart Trading Intelligence Manager (Preferences Mode)...
2025-08-18 13:35:47,521 - SMART_INTEL - INFO - 🧠 Generating initial intelligence...
2025-08-18 13:35:47,521 - SMART_INTEL - INFO - 🔄 Updating trading intelligence...
2025-08-18 13:35:47,521 - SMART_INTEL - INFO - 🧠 Generating smart trading intelligence...
2025-08-18 13:35:47,566 - SMART_INTEL - INFO - 📖 Loaded sentiment data from sentiment_signals.json
2025-08-18 13:35:47,591 - SMART_INTEL - INFO - 📖 Loaded correlation data from correlation_data.json
2025-08-18 13:35:47,615 - SMART_INTEL - INFO - 📖 Loaded cot data from cot_consolidated_data.json
2025-08-18 13:35:47,629 - SMART_INTEL - INFO - 📖 Loaded calendar data from test_calendar_output.json
2025-08-18 13:35:47,629 - SMART_INTEL - INFO - ✅ Generated preferences for 12 pairs
2025-08-18 13:35:47,645 - SMART_INTEL - INFO - 💾 Intelligence saved to trading_intelligence.json
2025-08-18 13:35:47,645 - SMART_INTEL - INFO - 📊 INTELLIGENCE SUMMARY (PREFERENCES MODE):
2025-08-18 13:35:47,645 - SMART_INTEL - INFO -    Pairs analyzed: 12
2025-08-18 13:35:47,645 - SMART_INTEL - INFO -    Risk insights: 4
2025-08-18 13:35:47,646 - SMART_INTEL - INFO -    Market regime: TRENDING
2025-08-18 13:35:47,647 - SMART_INTEL - INFO -    Recommended approach: DEFENSIVE
2025-08-18 13:35:47,647 - SMART_INTEL - INFO -    Opportunities: {'POOR': 4, 'NORMAL': 4, 'GOOD': 4}
2025-08-18 13:35:47,647 - SMART_INTEL - INFO -    Directional bias: {'NEUTRAL': 6, 'SHORT': 5, 'LONG': 1}
2025-08-18 13:35:47,647 - SMART_INTEL - INFO -    🎯 High Correlation Environment: 1 pairs showing high correlation risk
2025-08-18 13:35:47,647 - SMART_INTEL - INFO - ✅ Trading intelligence updated successfully
2025-08-18 13:35:47,647 - SMART_INTEL - INFO - ⚙️ Intelligence scheduler thread started
2025-08-18 13:35:47,647 - SMART_INTEL - INFO - ✅ Intelligence manager started - updates every 15 minutes
2025-08-18 13:35:47,647 - SMART_INTEL - INFO - 🎯 Smart Trading Intelligence running (Preferences Mode). Press Ctrl+C to stop.
2025-08-18 13:50:47,670 - SMART_INTEL - INFO - 🔄 Updating trading intelligence...
2025-08-18 13:50:47,670 - SMART_INTEL - INFO - 🧠 Generating smart trading intelligence...
2025-08-18 13:50:47,670 - SMART_INTEL - INFO - 📖 Loaded sentiment data from sentiment_signals.json
2025-08-18 13:50:47,670 - SMART_INTEL - INFO - 📖 Loaded correlation data from correlation_data.json
2025-08-18 13:50:47,679 - SMART_INTEL - INFO - 📖 Loaded cot data from cot_consolidated_data.json
2025-08-18 13:50:47,679 - SMART_INTEL - INFO - 📖 Loaded calendar data from test_calendar_output.json
2025-08-18 13:50:47,679 - SMART_INTEL - INFO - ✅ Generated preferences for 12 pairs
2025-08-18 13:50:47,704 - SMART_INTEL - INFO - 💾 Intelligence saved to trading_intelligence.json
2025-08-18 13:50:47,705 - SMART_INTEL - INFO - 📊 INTELLIGENCE SUMMARY (PREFERENCES MODE):
2025-08-18 13:50:47,705 - SMART_INTEL - INFO -    Pairs analyzed: 12
2025-08-18 13:50:47,706 - SMART_INTEL - INFO -    Risk insights: 4
2025-08-18 13:50:47,707 - SMART_INTEL - INFO -    Market regime: TRENDING
2025-08-18 13:50:47,707 - SMART_INTEL - INFO -    Recommended approach: DEFENSIVE
2025-08-18 13:50:47,709 - SMART_INTEL - INFO -    Opportunities: {'POOR': 4, 'NORMAL': 4, 'GOOD': 4}
2025-08-18 13:50:47,710 - SMART_INTEL - INFO -    Directional bias: {'NEUTRAL': 6, 'SHORT': 5, 'LONG': 1}
2025-08-18 13:50:47,711 - SMART_INTEL - INFO -    🎯 High Correlation Environment: 1 pairs showing high correlation risk
2025-08-18 13:50:47,711 - SMART_INTEL - INFO - ✅ Trading intelligence updated successfully
2025-08-18 14:00:47,707 - SMART_INTEL - INFO - 📊 Market Regime: TRENDING
2025-08-18 14:05:47,759 - SMART_INTEL - INFO - 🔄 Updating trading intelligence...
2025-08-18 14:05:47,759 - SMART_INTEL - INFO - 🧠 Generating smart trading intelligence...
2025-08-18 14:05:47,764 - SMART_INTEL - INFO - 📖 Loaded sentiment data from sentiment_signals.json
2025-08-18 14:05:47,764 - SMART_INTEL - INFO - 📖 Loaded correlation data from correlation_data.json
2025-08-18 14:05:47,764 - SMART_INTEL - INFO - 📖 Loaded cot data from cot_consolidated_data.json
2025-08-18 14:05:47,764 - SMART_INTEL - INFO - 📖 Loaded calendar data from test_calendar_output.json
2025-08-18 14:05:47,764 - SMART_INTEL - INFO - ✅ Generated preferences for 12 pairs
2025-08-18 14:05:47,791 - SMART_INTEL - INFO - 💾 Intelligence saved to trading_intelligence.json
2025-08-18 14:05:47,791 - SMART_INTEL - INFO - 📊 INTELLIGENCE SUMMARY (PREFERENCES MODE):
2025-08-18 14:05:47,791 - SMART_INTEL - INFO -    Pairs analyzed: 12
2025-08-18 14:05:47,791 - SMART_INTEL - INFO -    Risk insights: 4
2025-08-18 14:05:47,791 - SMART_INTEL - INFO -    Market regime: TRENDING
2025-08-18 14:05:47,791 - SMART_INTEL - INFO -    Recommended approach: DEFENSIVE
2025-08-18 14:05:47,795 - SMART_INTEL - INFO -    Opportunities: {'POOR': 4, 'NORMAL': 4, 'GOOD': 4}
2025-08-18 14:05:47,795 - SMART_INTEL - INFO -    Directional bias: {'NEUTRAL': 6, 'SHORT': 5, 'LONG': 1}
2025-08-18 14:05:47,795 - SMART_INTEL - INFO -    🎯 High Correlation Environment: 1 pairs showing high correlation risk
2025-08-18 14:05:47,795 - SMART_INTEL - INFO - ✅ Trading intelligence updated successfully
2025-08-18 14:20:47,826 - SMART_INTEL - INFO - 🔄 Updating trading intelligence...
2025-08-18 14:20:47,826 - SMART_INTEL - INFO - 🧠 Generating smart trading intelligence...
2025-08-18 14:20:47,829 - SMART_INTEL - INFO - 📖 Loaded sentiment data from sentiment_signals.json
2025-08-18 14:20:47,834 - SMART_INTEL - INFO - 📖 Loaded correlation data from correlation_data.json
2025-08-18 14:20:47,834 - SMART_INTEL - INFO - 📖 Loaded cot data from cot_consolidated_data.json
2025-08-18 14:20:47,834 - SMART_INTEL - INFO - 📖 Loaded calendar data from test_calendar_output.json
2025-08-18 14:20:47,841 - SMART_INTEL - INFO - ✅ Generated preferences for 12 pairs
2025-08-18 14:20:47,847 - SMART_INTEL - INFO - 💾 Intelligence saved to trading_intelligence.json
2025-08-18 14:20:47,852 - SMART_INTEL - INFO - 📊 INTELLIGENCE SUMMARY (PREFERENCES MODE):
2025-08-18 14:20:47,852 - SMART_INTEL - INFO -    Pairs analyzed: 12
2025-08-18 14:20:47,852 - SMART_INTEL - INFO -    Risk insights: 4
2025-08-18 14:20:47,852 - SMART_INTEL - INFO -    Market regime: TRENDING
2025-08-18 14:20:47,852 - SMART_INTEL - INFO -    Recommended approach: DEFENSIVE
2025-08-18 14:20:47,852 - SMART_INTEL - INFO -    Opportunities: {'POOR': 4, 'NORMAL': 4, 'GOOD': 4}
2025-08-18 14:20:47,852 - SMART_INTEL - INFO -    Directional bias: {'NEUTRAL': 6, 'SHORT': 5, 'LONG': 1}
2025-08-18 14:20:47,852 - SMART_INTEL - INFO -    🎯 High Correlation Environment: 1 pairs showing high correlation risk
2025-08-18 14:20:47,852 - SMART_INTEL - INFO - ✅ Trading intelligence updated successfully
2025-08-18 14:35:47,883 - SMART_INTEL - INFO - 🔄 Updating trading intelligence...
2025-08-18 14:35:47,883 - SMART_INTEL - INFO - 🧠 Generating smart trading intelligence...
2025-08-18 14:35:47,883 - SMART_INTEL - INFO - 📖 Loaded sentiment data from sentiment_signals.json
2025-08-18 14:35:47,883 - SMART_INTEL - INFO - 📖 Loaded correlation data from correlation_data.json
2025-08-18 14:35:47,889 - SMART_INTEL - INFO - 📖 Loaded cot data from cot_consolidated_data.json
2025-08-18 14:35:47,889 - SMART_INTEL - INFO - 📖 Loaded calendar data from test_calendar_output.json
2025-08-18 14:35:47,897 - SMART_INTEL - INFO - ✅ Generated preferences for 12 pairs
2025-08-18 14:35:47,917 - SMART_INTEL - INFO - 💾 Intelligence saved to trading_intelligence.json
2025-08-18 14:35:47,919 - SMART_INTEL - INFO - 📊 INTELLIGENCE SUMMARY (PREFERENCES MODE):
2025-08-18 14:35:47,919 - SMART_INTEL - INFO -    Pairs analyzed: 12
2025-08-18 14:35:47,919 - SMART_INTEL - INFO -    Risk insights: 4
2025-08-18 14:35:47,921 - SMART_INTEL - INFO -    Market regime: TRENDING
2025-08-18 14:35:47,921 - SMART_INTEL - INFO -    Recommended approach: DEFENSIVE
2025-08-18 14:35:47,921 - SMART_INTEL - INFO -    Opportunities: {'POOR': 4, 'NORMAL': 4, 'GOOD': 4}
2025-08-18 14:35:47,921 - SMART_INTEL - INFO -    Directional bias: {'NEUTRAL': 6, 'SHORT': 5, 'LONG': 1}
2025-08-18 14:35:47,923 - SMART_INTEL - INFO -    🎯 High Correlation Environment: 1 pairs showing high correlation risk
2025-08-18 14:35:47,923 - SMART_INTEL - INFO - ✅ Trading intelligence updated successfully
2025-08-18 14:50:47,942 - SMART_INTEL - INFO - 🔄 Updating trading intelligence...
2025-08-18 14:50:47,942 - SMART_INTEL - INFO - 🧠 Generating smart trading intelligence...
2025-08-18 14:50:47,949 - SMART_INTEL - INFO - 📖 Loaded sentiment data from sentiment_signals.json
2025-08-18 14:50:48,000 - SMART_INTEL - INFO - 📖 Loaded correlation data from correlation_data.json
2025-08-18 14:50:48,000 - SMART_INTEL - INFO - 📖 Loaded cot data from cot_consolidated_data.json
2025-08-18 14:50:48,004 - SMART_INTEL - INFO - 📖 Loaded calendar data from test_calendar_output.json
2025-08-18 14:50:48,004 - SMART_INTEL - INFO - ✅ Generated preferences for 12 pairs
2025-08-18 14:50:48,013 - SMART_INTEL - INFO - 💾 Intelligence saved to trading_intelligence.json
2025-08-18 14:50:48,022 - SMART_INTEL - INFO - 📊 INTELLIGENCE SUMMARY (PREFERENCES MODE):
2025-08-18 14:50:48,022 - SMART_INTEL - INFO -    Pairs analyzed: 12
2025-08-18 14:50:48,022 - SMART_INTEL - INFO -    Risk insights: 4
2025-08-18 14:50:48,022 - SMART_INTEL - INFO -    Market regime: TRENDING
2025-08-18 14:50:48,022 - SMART_INTEL - INFO -    Recommended approach: DEFENSIVE
2025-08-18 14:50:48,022 - SMART_INTEL - INFO -    Opportunities: {'POOR': 4, 'NORMAL': 4, 'GOOD': 4}
2025-08-18 14:50:48,022 - SMART_INTEL - INFO -    Directional bias: {'NEUTRAL': 6, 'SHORT': 5, 'LONG': 1}
2025-08-18 14:50:48,022 - SMART_INTEL - INFO -    🎯 High Correlation Environment: 1 pairs showing high correlation risk
2025-08-18 14:50:48,022 - SMART_INTEL - INFO - ✅ Trading intelligence updated successfully
2025-08-18 15:00:47,758 - SMART_INTEL - INFO - 📊 Market Regime: TRENDING
2025-08-18 15:06:10,835 - SMART_INTEL - INFO - 🔄 Updating trading intelligence...
2025-08-18 15:06:10,835 - SMART_INTEL - INFO - 🧠 Generating smart trading intelligence...
2025-08-18 15:06:10,849 - SMART_INTEL - INFO - 📖 Loaded sentiment data from sentiment_signals.json
2025-08-18 15:06:10,853 - SMART_INTEL - INFO - 📖 Loaded correlation data from correlation_data.json
2025-08-18 15:06:10,855 - SMART_INTEL - INFO - 📖 Loaded cot data from cot_consolidated_data.json
2025-08-18 15:06:10,855 - SMART_INTEL - INFO - 📖 Loaded calendar data from test_calendar_output.json
2025-08-18 15:06:10,858 - SMART_INTEL - INFO - ✅ Generated preferences for 12 pairs
2025-08-18 15:06:10,864 - SMART_INTEL - INFO - 💾 Intelligence saved to trading_intelligence.json
2025-08-18 15:06:10,868 - SMART_INTEL - INFO - 📊 INTELLIGENCE SUMMARY (PREFERENCES MODE):
2025-08-18 15:06:10,868 - SMART_INTEL - INFO -    Pairs analyzed: 12
2025-08-18 15:06:10,868 - SMART_INTEL - INFO -    Risk insights: 4
2025-08-18 15:06:10,868 - SMART_INTEL - INFO -    Market regime: TRENDING
2025-08-18 15:06:10,868 - SMART_INTEL - INFO -    Recommended approach: DEFENSIVE
2025-08-18 15:06:10,868 - SMART_INTEL - INFO -    Opportunities: {'POOR': 4, 'NORMAL': 4, 'GOOD': 4}
2025-08-18 15:06:10,871 - SMART_INTEL - INFO -    Directional bias: {'NEUTRAL': 6, 'SHORT': 5, 'LONG': 1}
2025-08-18 15:06:10,872 - SMART_INTEL - INFO -    🎯 High Correlation Environment: 1 pairs showing high correlation risk
2025-08-18 15:06:10,872 - SMART_INTEL - INFO - ✅ Trading intelligence updated successfully
2025-08-18 15:21:19,334 - SMART_INTEL - INFO - 🔄 Updating trading intelligence...
2025-08-18 15:21:19,334 - SMART_INTEL - INFO - 🧠 Generating smart trading intelligence...
2025-08-18 15:21:19,349 - SMART_INTEL - INFO - 📖 Loaded sentiment data from sentiment_signals.json
2025-08-18 15:21:19,369 - SMART_INTEL - INFO - 📖 Loaded correlation data from correlation_data.json
2025-08-18 15:21:19,381 - SMART_INTEL - INFO - 📖 Loaded cot data from cot_consolidated_data.json
2025-08-18 15:21:19,383 - SMART_INTEL - INFO - 📖 Loaded calendar data from test_calendar_output.json
2025-08-18 15:21:19,383 - SMART_INTEL - INFO - ✅ Generated preferences for 12 pairs
2025-08-18 15:21:19,387 - SMART_INTEL - INFO - 💾 Intelligence saved to trading_intelligence.json
2025-08-18 15:21:19,387 - SMART_INTEL - INFO - 📊 INTELLIGENCE SUMMARY (PREFERENCES MODE):
2025-08-18 15:21:19,387 - SMART_INTEL - INFO -    Pairs analyzed: 12
2025-08-18 15:21:19,387 - SMART_INTEL - INFO -    Risk insights: 4
2025-08-18 15:21:19,387 - SMART_INTEL - INFO -    Market regime: TRENDING
2025-08-18 15:21:19,387 - SMART_INTEL - INFO -    Recommended approach: DEFENSIVE
2025-08-18 15:21:19,389 - SMART_INTEL - INFO -    Opportunities: {'POOR': 4, 'NORMAL': 4, 'GOOD': 4}
2025-08-18 15:21:19,389 - SMART_INTEL - INFO -    Directional bias: {'NEUTRAL': 6, 'SHORT': 5, 'LONG': 1}
2025-08-18 15:21:19,389 - SMART_INTEL - INFO -    🎯 High Correlation Environment: 1 pairs showing high correlation risk
2025-08-18 15:21:19,389 - SMART_INTEL - INFO - ✅ Trading intelligence updated successfully
2025-08-18 15:36:42,477 - SMART_INTEL - INFO - 🔄 Updating trading intelligence...
2025-08-18 15:36:42,479 - SMART_INTEL - INFO - 🧠 Generating smart trading intelligence...
2025-08-18 15:36:42,484 - SMART_INTEL - INFO - 📖 Loaded sentiment data from sentiment_signals.json
2025-08-18 15:36:42,484 - SMART_INTEL - INFO - 📖 Loaded correlation data from correlation_data.json
2025-08-18 15:36:42,493 - SMART_INTEL - INFO - 📖 Loaded cot data from cot_consolidated_data.json
2025-08-18 15:36:42,498 - SMART_INTEL - INFO - 📖 Loaded calendar data from test_calendar_output.json
2025-08-18 15:36:42,498 - SMART_INTEL - INFO - ✅ Generated preferences for 12 pairs
2025-08-18 15:36:42,514 - SMART_INTEL - INFO - 💾 Intelligence saved to trading_intelligence.json
2025-08-18 15:36:42,514 - SMART_INTEL - INFO - 📊 INTELLIGENCE SUMMARY (PREFERENCES MODE):
2025-08-18 15:36:42,514 - SMART_INTEL - INFO -    Pairs analyzed: 12
2025-08-18 15:36:42,514 - SMART_INTEL - INFO -    Risk insights: 4
2025-08-18 15:36:42,514 - SMART_INTEL - INFO -    Market regime: TRENDING
2025-08-18 15:36:42,514 - SMART_INTEL - INFO -    Recommended approach: DEFENSIVE
2025-08-18 15:36:42,525 - SMART_INTEL - INFO -    Opportunities: {'POOR': 4, 'NORMAL': 4, 'GOOD': 4}
2025-08-18 15:36:42,525 - SMART_INTEL - INFO -    Directional bias: {'NEUTRAL': 6, 'SHORT': 5, 'LONG': 1}
2025-08-18 15:36:42,528 - SMART_INTEL - INFO -    🎯 High Correlation Environment: 1 pairs showing high correlation risk
2025-08-18 15:36:42,528 - SMART_INTEL - INFO - ✅ Trading intelligence updated successfully
2025-08-18 15:51:42,579 - SMART_INTEL - INFO - 🔄 Updating trading intelligence...
2025-08-18 15:51:42,579 - SMART_INTEL - INFO - 🧠 Generating smart trading intelligence...
2025-08-18 15:51:42,582 - SMART_INTEL - INFO - 📖 Loaded sentiment data from sentiment_signals.json
2025-08-18 15:51:42,586 - SMART_INTEL - INFO - 📖 Loaded correlation data from correlation_data.json
2025-08-18 15:51:42,594 - SMART_INTEL - INFO - 📖 Loaded cot data from cot_consolidated_data.json
2025-08-18 15:51:42,598 - SMART_INTEL - INFO - 📖 Loaded calendar data from test_calendar_output.json
2025-08-18 15:51:42,602 - SMART_INTEL - INFO - ✅ Generated preferences for 12 pairs
2025-08-18 15:51:42,617 - SMART_INTEL - INFO - 💾 Intelligence saved to trading_intelligence.json
2025-08-18 15:51:42,617 - SMART_INTEL - INFO - 📊 INTELLIGENCE SUMMARY (PREFERENCES MODE):
2025-08-18 15:51:42,617 - SMART_INTEL - INFO -    Pairs analyzed: 12
2025-08-18 15:51:42,617 - SMART_INTEL - INFO -    Risk insights: 4
2025-08-18 15:51:42,620 - SMART_INTEL - INFO -    Market regime: TRENDING
2025-08-18 15:51:42,620 - SMART_INTEL - INFO -    Recommended approach: DEFENSIVE
2025-08-18 15:51:42,622 - SMART_INTEL - INFO -    Opportunities: {'POOR': 4, 'NORMAL': 4, 'GOOD': 4}
2025-08-18 15:51:42,626 - SMART_INTEL - INFO -    Directional bias: {'NEUTRAL': 6, 'SHORT': 5, 'LONG': 1}
2025-08-18 15:51:42,626 - SMART_INTEL - INFO -    🎯 High Correlation Environment: 1 pairs showing high correlation risk
2025-08-18 15:51:42,626 - SMART_INTEL - INFO - ✅ Trading intelligence updated successfully
2025-08-18 16:00:47,793 - SMART_INTEL - INFO - 📊 Market Regime: TRENDING
